[0.207s] Invoking command in '/home/vupadhye/git_repo/husky_gps_follower/build/clearpath_platform': /usr/bin/cmake /home/vupadhye/git_repo/husky_gps_follower/src/clearpath_common/clearpath_platform -DCMAKE_INSTALL_PREFIX=/home/vupadhye/git_repo/husky_gps_follower/install/clearpath_platform
[0.430s] [33mCMake Warning (dev) in CMakeLists.txt:
[0.431s]   No project() command is present.  The top-level CMakeLists.txt file must
[0.432s]   contain a literal, direct call to the project() command.  Add a line of
[0.433s]   code such as
[0.433s] 
[0.434s]     project(ProjectName)
[0.434s] 
[0.435s]   near the top of the file, but after cmake_minimum_required().
[0.436s] 
[0.436s]   CMake is pretending there is a "project(Project)" command on the first
[0.437s]   line.
[0.437s] This warning is for project developers.  Use -Wno-dev to suppress it.
[0.437s] [0m
[0.673s] -- The C compiler identification is GNU 11.4.0
[1.099s] -- The CXX compiler identification is GNU 11.4.0
[1.161s] -- Detecting C compiler ABI info
[1.659s] -- Detecting C compiler ABI info - done
[1.735s] -- Check for working C compiler: /usr/bin/cc - skipped
[1.738s] -- Detecting C compile features
[1.742s] -- Detecting C compile features - done
[1.773s] -- Detecting CXX compiler ABI info
[2.346s] -- Detecting CXX compiler ABI info - done
[2.467s] -- Check for working CXX compiler: /usr/bin/c++ - skipped
[2.470s] -- Detecting CXX compile features
[2.472s] -- Detecting CXX compile features - done
[2.474s] -- Configuring done
[2.481s] -- Generating done
[2.486s] -- Build files have been written to: /home/vupadhye/git_repo/husky_gps_follower/build/clearpath_platform
[2.587s] Invoked command in '/home/vupadhye/git_repo/husky_gps_follower/build/clearpath_platform' returned '0': /usr/bin/cmake /home/vupadhye/git_repo/husky_gps_follower/src/clearpath_common/clearpath_platform -DCMAKE_INSTALL_PREFIX=/home/vupadhye/git_repo/husky_gps_follower/install/clearpath_platform
[2.651s] Invoking command in '/home/vupadhye/git_repo/husky_gps_follower/build/clearpath_platform': /usr/bin/cmake --build /home/vupadhye/git_repo/husky_gps_follower/build/clearpath_platform -- -j20 -l20
