[0.194s] Invoking command in '/home/vupadhye/git_repo/husky_gps_follower/build/clearpath_sensors_description': /usr/bin/cmake /home/vupadhye/git_repo/husky_gps_follower/src/clearpath_common/clearpath_sensors_description -DCMAKE_INSTALL_PREFIX=/home/vupadhye/git_repo/husky_gps_follower/install/clearpath_sensors_description
[0.409s] [33mCMake Warning (dev) in CMakeLists.txt:
[0.416s]   No project() command is present.  The top-level CMakeLists.txt file must
[0.417s]   contain a literal, direct call to the project() command.  Add a line of
[0.417s]   code such as
[0.418s] 
[0.423s]     project(ProjectName)
[0.424s] 
[0.430s]   near the top of the file, but after cmake_minimum_required().
[0.445s] 
[0.446s]   CMake is pretending there is a "project(Project)" command on the first
[0.446s]   line.
[0.447s] This warning is for project developers.  Use -Wno-dev to suppress it.
[0.448s] [0m
[0.696s] -- The C compiler identification is GNU 11.4.0
[1.189s] -- The CXX compiler identification is GNU 11.4.0
[1.256s] -- Detecting C compiler ABI info
[1.782s] -- Detecting C compiler ABI info - done
[1.846s] -- Check for working C compiler: /usr/bin/cc - skipped
[1.849s] -- Detecting C compile features
[1.853s] -- Detecting C compile features - done
[1.886s] -- Detecting CXX compiler ABI info
[2.451s] -- Detecting CXX compiler ABI info - done
[2.539s] -- Check for working CXX compiler: /usr/bin/c++ - skipped
[2.603s] -- Detecting CXX compile features
[2.608s] -- Detecting CXX compile features - done
[2.634s] -- Configuring done
[2.667s] -- Generating done
[2.667s] -- Build files have been written to: /home/vupadhye/git_repo/husky_gps_follower/build/clearpath_sensors_description
[2.792s] Invoked command in '/home/vupadhye/git_repo/husky_gps_follower/build/clearpath_sensors_description' returned '0': /usr/bin/cmake /home/vupadhye/git_repo/husky_gps_follower/src/clearpath_common/clearpath_sensors_description -DCMAKE_INSTALL_PREFIX=/home/vupadhye/git_repo/husky_gps_follower/install/clearpath_sensors_description
[2.796s] Invoking command in '/home/vupadhye/git_repo/husky_gps_follower/build/clearpath_sensors_description': /usr/bin/cmake --build /home/vupadhye/git_repo/husky_gps_follower/build/clearpath_sensors_description -- -j20 -l20
