[0.219s] Invoking command in '/home/vupadhye/git_repo/husky_gps_follower/build/clearpath_customization': /usr/bin/cmake /home/vupadhye/git_repo/husky_gps_follower/src/clearpath_common/clearpath_customization -DCMAKE_INSTALL_PREFIX=/home/vupadhye/git_repo/husky_gps_follower/install/clearpath_customization
[0.657s] -- The C compiler identification is GNU 11.4.0
[1.084s] -- The CXX compiler identification is GNU 11.4.0
[1.161s] -- Detecting C compiler ABI info
[1.660s] -- Detecting C compiler ABI info - done
[1.746s] -- Check for working C compiler: /usr/bin/cc - skipped
[1.748s] -- Detecting C compile features
[1.752s] -- Detecting C compile features - done
[1.775s] -- Detecting CXX compiler ABI info
[2.329s] -- Detecting CXX compiler ABI info - done
[2.411s] -- Check for working CXX compiler: /usr/bin/c++ - skipped
[2.413s] -- Detecting CXX compile features
[2.417s] -- Detecting CXX compile features - done
[2.609s] [31mCMake Error at CMakeLists.txt:8 (find_package):
[2.609s]   By not providing "Findament_cmake.cmake" in CMAKE_MODULE_PATH this project
[2.609s]   has asked CMake to find a package configuration file provided by
[2.610s]   "ament_cmake", but CMake did not find one.
[2.610s] 
[2.610s]   Could not find a package configuration file provided by "ament_cmake" with
[2.611s]   any of the following names:
[2.611s] 
[2.611s]     ament_cmakeConfig.cmake
[2.612s]     ament_cmake-config.cmake
[2.612s] 
[2.613s]   Add the installation prefix of "ament_cmake" to CMAKE_PREFIX_PATH or set
[2.622s]   "ament_cmake_DIR" to a directory containing one of the above files.  If
[2.624s]   "ament_cmake" provides a separate development package or SDK, be sure it
[2.624s]   has been installed.
[2.625s] 
[2.625s] [0m
[2.627s] -- Configuring incomplete, errors occurred!
[2.637s] See also "/home/vupadhye/git_repo/husky_gps_follower/build/clearpath_customization/CMakeFiles/CMakeOutput.log".
[2.747s] Invoked command in '/home/vupadhye/git_repo/husky_gps_follower/build/clearpath_customization' returned '1': /usr/bin/cmake /home/vupadhye/git_repo/husky_gps_follower/src/clearpath_common/clearpath_customization -DCMAKE_INSTALL_PREFIX=/home/vupadhye/git_repo/husky_gps_follower/install/clearpath_customization
