-- Install configuration: ""
-- Installing: /home/vupadhye/git_repo/husky_gps_follower/install/clearpath_control/share/clearpath_control/config
-- Installing: /home/vupadhye/git_repo/husky_gps_follower/install/clearpath_control/share/clearpath_control/config/dd150
-- Installing: /home/vupadhye/git_repo/husky_gps_follower/install/clearpath_control/share/clearpath_control/config/dd150/teleop_interactive_markers.yaml
-- Installing: /home/vupadhye/git_repo/husky_gps_follower/install/clearpath_control/share/clearpath_control/config/dd150/teleop_logitech.yaml
-- Installing: /home/vupadhye/git_repo/husky_gps_follower/install/clearpath_control/share/clearpath_control/config/dd150/control.yaml
-- Installing: /home/vupadhye/git_repo/husky_gps_follower/install/clearpath_control/share/clearpath_control/config/dd150/localization.yaml
-- Installing: /home/vupadhye/git_repo/husky_gps_follower/install/clearpath_control/share/clearpath_control/config/dd150/teleop_ps4.yaml
-- Installing: /home/vupadhye/git_repo/husky_gps_follower/install/clearpath_control/share/clearpath_control/config/j100
-- Installing: /home/vupadhye/git_repo/husky_gps_follower/install/clearpath_control/share/clearpath_control/config/j100/teleop_interactive_markers.yaml
-- Installing: /home/vupadhye/git_repo/husky_gps_follower/install/clearpath_control/share/clearpath_control/config/j100/teleop_logitech.yaml
-- Installing: /home/vupadhye/git_repo/husky_gps_follower/install/clearpath_control/share/clearpath_control/config/j100/control.yaml
-- Installing: /home/vupadhye/git_repo/husky_gps_follower/install/clearpath_control/share/clearpath_control/config/j100/localization.yaml
-- Installing: /home/vupadhye/git_repo/husky_gps_follower/install/clearpath_control/share/clearpath_control/config/j100/teleop_ps4.yaml
-- Installing: /home/vupadhye/git_repo/husky_gps_follower/install/clearpath_control/share/clearpath_control/config/w200
-- Installing: /home/vupadhye/git_repo/husky_gps_follower/install/clearpath_control/share/clearpath_control/config/w200/teleop_interactive_markers.yaml
-- Installing: /home/vupadhye/git_repo/husky_gps_follower/install/clearpath_control/share/clearpath_control/config/w200/teleop_logitech.yaml
-- Installing: /home/vupadhye/git_repo/husky_gps_follower/install/clearpath_control/share/clearpath_control/config/w200/control.yaml
-- Installing: /home/vupadhye/git_repo/husky_gps_follower/install/clearpath_control/share/clearpath_control/config/w200/localization.yaml
-- Installing: /home/vupadhye/git_repo/husky_gps_follower/install/clearpath_control/share/clearpath_control/config/w200/teleop_ps4.yaml
-- Installing: /home/vupadhye/git_repo/husky_gps_follower/install/clearpath_control/share/clearpath_control/config/a200
-- Installing: /home/vupadhye/git_repo/husky_gps_follower/install/clearpath_control/share/clearpath_control/config/a200/teleop_interactive_markers.yaml
-- Installing: /home/vupadhye/git_repo/husky_gps_follower/install/clearpath_control/share/clearpath_control/config/a200/teleop_logitech.yaml
-- Installing: /home/vupadhye/git_repo/husky_gps_follower/install/clearpath_control/share/clearpath_control/config/a200/control.yaml
-- Installing: /home/vupadhye/git_repo/husky_gps_follower/install/clearpath_control/share/clearpath_control/config/a200/localization.yaml
-- Installing: /home/vupadhye/git_repo/husky_gps_follower/install/clearpath_control/share/clearpath_control/config/a200/teleop_ps4.yaml
-- Installing: /home/vupadhye/git_repo/husky_gps_follower/install/clearpath_control/share/clearpath_control/config/generic
-- Installing: /home/vupadhye/git_repo/husky_gps_follower/install/clearpath_control/share/clearpath_control/config/generic/teleop_interactive_markers.yaml
-- Installing: /home/vupadhye/git_repo/husky_gps_follower/install/clearpath_control/share/clearpath_control/config/generic/teleop_logitech.yaml
-- Installing: /home/vupadhye/git_repo/husky_gps_follower/install/clearpath_control/share/clearpath_control/config/generic/localization.yaml
-- Installing: /home/vupadhye/git_repo/husky_gps_follower/install/clearpath_control/share/clearpath_control/config/generic/teleop_ps4.yaml
-- Installing: /home/vupadhye/git_repo/husky_gps_follower/install/clearpath_control/share/clearpath_control/config/twist_mux.yaml
-- Installing: /home/vupadhye/git_repo/husky_gps_follower/install/clearpath_control/share/clearpath_control/config/dd100
-- Installing: /home/vupadhye/git_repo/husky_gps_follower/install/clearpath_control/share/clearpath_control/config/dd100/teleop_interactive_markers.yaml
-- Installing: /home/vupadhye/git_repo/husky_gps_follower/install/clearpath_control/share/clearpath_control/config/dd100/teleop_logitech.yaml
-- Installing: /home/vupadhye/git_repo/husky_gps_follower/install/clearpath_control/share/clearpath_control/config/dd100/control.yaml
-- Installing: /home/vupadhye/git_repo/husky_gps_follower/install/clearpath_control/share/clearpath_control/config/dd100/localization.yaml
-- Installing: /home/vupadhye/git_repo/husky_gps_follower/install/clearpath_control/share/clearpath_control/config/dd100/teleop_ps4.yaml
-- Installing: /home/vupadhye/git_repo/husky_gps_follower/install/clearpath_control/share/clearpath_control/launch
-- Installing: /home/vupadhye/git_repo/husky_gps_follower/install/clearpath_control/share/clearpath_control/launch/teleop_base.launch.py
-- Installing: /home/vupadhye/git_repo/husky_gps_follower/install/clearpath_control/share/clearpath_control/launch/waypoint.launch.py
-- Installing: /home/vupadhye/git_repo/husky_gps_follower/install/clearpath_control/share/clearpath_control/launch/control.launch.py
-- Installing: /home/vupadhye/git_repo/husky_gps_follower/install/clearpath_control/share/clearpath_control/launch/waypoint.py
-- Installing: /home/vupadhye/git_repo/husky_gps_follower/install/clearpath_control/share/clearpath_control/launch/teleop_joy.launch.py
-- Installing: /home/vupadhye/git_repo/husky_gps_follower/install/clearpath_control/share/clearpath_control/launch/localization.launch.py
-- Installing: /home/vupadhye/git_repo/husky_gps_follower/install/clearpath_control/share/clearpath_control/launch/gps.py
-- Installing: /home/vupadhye/git_repo/husky_gps_follower/install/clearpath_control/share/ament_index/resource_index/package_run_dependencies/clearpath_control
-- Installing: /home/vupadhye/git_repo/husky_gps_follower/install/clearpath_control/share/ament_index/resource_index/parent_prefix_path/clearpath_control
-- Installing: /home/vupadhye/git_repo/husky_gps_follower/install/clearpath_control/share/clearpath_control/environment/ament_prefix_path.sh
-- Installing: /home/vupadhye/git_repo/husky_gps_follower/install/clearpath_control/share/clearpath_control/environment/ament_prefix_path.dsv
-- Installing: /home/vupadhye/git_repo/husky_gps_follower/install/clearpath_control/share/clearpath_control/environment/path.sh
-- Installing: /home/vupadhye/git_repo/husky_gps_follower/install/clearpath_control/share/clearpath_control/environment/path.dsv
-- Installing: /home/vupadhye/git_repo/husky_gps_follower/install/clearpath_control/share/clearpath_control/local_setup.bash
-- Installing: /home/vupadhye/git_repo/husky_gps_follower/install/clearpath_control/share/clearpath_control/local_setup.sh
-- Installing: /home/vupadhye/git_repo/husky_gps_follower/install/clearpath_control/share/clearpath_control/local_setup.zsh
-- Installing: /home/vupadhye/git_repo/husky_gps_follower/install/clearpath_control/share/clearpath_control/local_setup.dsv
-- Installing: /home/vupadhye/git_repo/husky_gps_follower/install/clearpath_control/share/clearpath_control/package.dsv
-- Installing: /home/vupadhye/git_repo/husky_gps_follower/install/clearpath_control/share/ament_index/resource_index/packages/clearpath_control
-- Installing: /home/vupadhye/git_repo/husky_gps_follower/install/clearpath_control/share/clearpath_control/cmake/clearpath_controlConfig.cmake
-- Installing: /home/vupadhye/git_repo/husky_gps_follower/install/clearpath_control/share/clearpath_control/cmake/clearpath_controlConfig-version.cmake
-- Installing: /home/vupadhye/git_repo/husky_gps_follower/install/clearpath_control/share/clearpath_control/package.xml
