[0.266s] Invoking command in '/home/vupadhye/git_repo/husky_gps_follower/build/nav2_straightline_planner': /usr/bin/cmake /home/vupadhye/git_repo/husky_gps_follower/src/navigation2_tutorials/nav2_straightline_planner -DCMAKE_INSTALL_PREFIX=/home/vupadhye/git_repo/husky_gps_follower/install/nav2_straightline_planner
[0.392s] [33mCMake Warning (dev) in CMakeLists.txt:
[0.392s]   No project() command is present.  The top-level CMakeLists.txt file must
[0.392s]   contain a literal, direct call to the project() command.  Add a line of
[0.393s]   code such as
[0.393s] 
[0.393s]     project(ProjectName)
[0.394s] 
[0.394s]   near the top of the file, but after cmake_minimum_required().
[0.394s] 
[0.394s]   CMake is pretending there is a "project(Project)" command on the first
[0.395s]   line.
[0.395s] This warning is for project developers.  Use -Wno-dev to suppress it.
[0.395s] [0m
[0.636s] -- The C compiler identification is GNU 11.4.0
[1.084s] -- The CXX compiler identification is GNU 11.4.0
[1.160s] -- Detecting C compiler ABI info
[1.663s] -- Detecting C compiler ABI info - done
[1.728s] -- Check for working C compiler: /usr/bin/cc - skipped
[1.730s] -- Detecting C compile features
[1.736s] -- Detecting C compile features - done
[1.764s] -- Detecting CXX compiler ABI info
[2.352s] -- Detecting CXX compiler ABI info - done
[2.426s] -- Check for working CXX compiler: /usr/bin/c++ - skipped
[2.432s] -- Detecting CXX compile features
[2.435s] -- Detecting CXX compile features - done
[2.504s] -- Configuring done
[2.538s] -- Generating done
[2.540s] -- Build files have been written to: /home/vupadhye/git_repo/husky_gps_follower/build/nav2_straightline_planner
[2.644s] Invoked command in '/home/vupadhye/git_repo/husky_gps_follower/build/nav2_straightline_planner' returned '0': /usr/bin/cmake /home/vupadhye/git_repo/husky_gps_follower/src/navigation2_tutorials/nav2_straightline_planner -DCMAKE_INSTALL_PREFIX=/home/vupadhye/git_repo/husky_gps_follower/install/nav2_straightline_planner
[2.653s] Invoking command in '/home/vupadhye/git_repo/husky_gps_follower/build/nav2_straightline_planner': /usr/bin/cmake --build /home/vupadhye/git_repo/husky_gps_follower/build/nav2_straightline_planner -- -j20 -l20
