[0.079s] Invoking command in '/home/vupadhye/git_repo/husky_gps_follower/build/clearpath_mounts_description': CMAKE_PREFIX_PATH=/opt/ros/humble /usr/bin/cmake /home/vupadhye/git_repo/husky_gps_follower/src/clearpath_common/clearpath_mounts_description -DCMAKE_INSTALL_PREFIX=/home/vupadhye/git_repo/husky_gps_follower/install/clearpath_mounts_description
[0.209s] -- Found ament_cmake: 1.3.10 (/opt/ros/humble/share/ament_cmake/cmake)
[0.450s] -- Configuring done
[0.454s] -- Generating done
[0.455s] -- Build files have been written to: /home/vupadhye/git_repo/husky_gps_follower/build/clearpath_mounts_description
[0.459s] Invoked command in '/home/vupadhye/git_repo/husky_gps_follower/build/clearpath_mounts_description' returned '0': CMAKE_PREFIX_PATH=/opt/ros/humble /usr/bin/cmake /home/vupadhye/git_repo/husky_gps_follower/src/clearpath_common/clearpath_mounts_description -DCMAKE_INSTALL_PREFIX=/home/vupadhye/git_repo/husky_gps_follower/install/clearpath_mounts_description
[0.461s] Invoking command in '/home/vupadhye/git_repo/husky_gps_follower/build/clearpath_mounts_description': CMAKE_PREFIX_PATH=/opt/ros/humble /usr/bin/cmake --build /home/vupadhye/git_repo/husky_gps_follower/build/clearpath_mounts_description -- -j20 -l20
[0.517s] Invoked command in '/home/vupadhye/git_repo/husky_gps_follower/build/clearpath_mounts_description' returned '0': CMAKE_PREFIX_PATH=/opt/ros/humble /usr/bin/cmake --build /home/vupadhye/git_repo/husky_gps_follower/build/clearpath_mounts_description -- -j20 -l20
[0.552s] Invoking command in '/home/vupadhye/git_repo/husky_gps_follower/build/clearpath_mounts_description': CMAKE_PREFIX_PATH=/opt/ros/humble /usr/bin/cmake --install /home/vupadhye/git_repo/husky_gps_follower/build/clearpath_mounts_description
[0.563s] -- Install configuration: ""
[0.563s] -- Installing: /home/vupadhye/git_repo/husky_gps_follower/install/clearpath_mounts_description/share/clearpath_mounts_description/meshes
[0.563s] -- Installing: /home/vupadhye/git_repo/husky_gps_follower/install/clearpath_mounts_description/share/clearpath_mounts_description/meshes/sick_upright.stl
[0.563s] -- Installing: /home/vupadhye/git_repo/husky_gps_follower/install/clearpath_mounts_description/share/clearpath_mounts_description/meshes/pacs
[0.563s] -- Installing: /home/vupadhye/git_repo/husky_gps_follower/install/clearpath_mounts_description/share/clearpath_mounts_description/meshes/pacs/bracket_horizontal_large.stl
[0.571s] -- Installing: /home/vupadhye/git_repo/husky_gps_follower/install/clearpath_mounts_description/share/clearpath_mounts_description/meshes/pacs/bracket_extension_60.stl
[0.571s] -- Installing: /home/vupadhye/git_repo/husky_gps_follower/install/clearpath_mounts_description/share/clearpath_mounts_description/meshes/pacs/bracket_extension_80.stl
[0.571s] -- Installing: /home/vupadhye/git_repo/husky_gps_follower/install/clearpath_mounts_description/share/clearpath_mounts_description/meshes/pacs/bracket_vertical.stl
[0.572s] -- Installing: /home/vupadhye/git_repo/husky_gps_follower/install/clearpath_mounts_description/share/clearpath_mounts_description/meshes/pacs/bracket_horizontal.stl
[0.572s] -- Installing: /home/vupadhye/git_repo/husky_gps_follower/install/clearpath_mounts_description/share/clearpath_mounts_description/meshes/pacs/bracket_extension_40.stl
[0.572s] -- Installing: /home/vupadhye/git_repo/husky_gps_follower/install/clearpath_mounts_description/share/clearpath_mounts_description/meshes/pacs/bracket_extension_20.stl
[0.572s] -- Installing: /home/vupadhye/git_repo/husky_gps_follower/install/clearpath_mounts_description/share/clearpath_mounts_description/meshes/pacs/riser_1x7.stl
[0.573s] -- Installing: /home/vupadhye/git_repo/husky_gps_follower/install/clearpath_mounts_description/share/clearpath_mounts_description/meshes/pacs/riser_8x7.stl
[0.573s] -- Installing: /home/vupadhye/git_repo/husky_gps_follower/install/clearpath_mounts_description/share/clearpath_mounts_description/meshes/sick_inverted.dae
[0.573s] -- Installing: /home/vupadhye/git_repo/husky_gps_follower/install/clearpath_mounts_description/share/clearpath_mounts_description/meshes/disk.stl
[0.574s] -- Installing: /home/vupadhye/git_repo/husky_gps_follower/install/clearpath_mounts_description/share/clearpath_mounts_description/meshes/fath_pivot_mount.dae
[0.575s] -- Installing: /home/vupadhye/git_repo/husky_gps_follower/install/clearpath_mounts_description/share/clearpath_mounts_description/meshes/fath_pivot_mount_base.dae
[0.576s] -- Installing: /home/vupadhye/git_repo/husky_gps_follower/install/clearpath_mounts_description/share/clearpath_mounts_description/urdf
[0.577s] -- Installing: /home/vupadhye/git_repo/husky_gps_follower/install/clearpath_mounts_description/share/clearpath_mounts_description/urdf/sick.urdf.xacro
[0.577s] -- Installing: /home/vupadhye/git_repo/husky_gps_follower/install/clearpath_mounts_description/share/clearpath_mounts_description/urdf/pacs
[0.577s] -- Installing: /home/vupadhye/git_repo/husky_gps_follower/install/clearpath_mounts_description/share/clearpath_mounts_description/urdf/pacs/bracket.urdf.xacro
[0.577s] -- Installing: /home/vupadhye/git_repo/husky_gps_follower/install/clearpath_mounts_description/share/clearpath_mounts_description/urdf/pacs/riser.urdf.xacro
[0.577s] -- Installing: /home/vupadhye/git_repo/husky_gps_follower/install/clearpath_mounts_description/share/clearpath_mounts_description/urdf/pacs/riser_leg.urdf.xacro
[0.577s] -- Installing: /home/vupadhye/git_repo/husky_gps_follower/install/clearpath_mounts_description/share/clearpath_mounts_description/urdf/fath_pivot.urdf.xacro
[0.577s] -- Installing: /home/vupadhye/git_repo/husky_gps_follower/install/clearpath_mounts_description/share/clearpath_mounts_description/urdf/disk.urdf.xacro
[0.577s] -- Installing: /home/vupadhye/git_repo/husky_gps_follower/install/clearpath_mounts_description/share/clearpath_mounts_description/urdf/post.urdf.xacro
[0.577s] -- Installing: /home/vupadhye/git_repo/husky_gps_follower/install/clearpath_mounts_description/share/ament_index/resource_index/package_run_dependencies/clearpath_mounts_description
[0.578s] -- Installing: /home/vupadhye/git_repo/husky_gps_follower/install/clearpath_mounts_description/share/ament_index/resource_index/parent_prefix_path/clearpath_mounts_description
[0.578s] -- Installing: /home/vupadhye/git_repo/husky_gps_follower/install/clearpath_mounts_description/share/clearpath_mounts_description/environment/ament_prefix_path.sh
[0.578s] -- Installing: /home/vupadhye/git_repo/husky_gps_follower/install/clearpath_mounts_description/share/clearpath_mounts_description/environment/ament_prefix_path.dsv
[0.578s] -- Installing: /home/vupadhye/git_repo/husky_gps_follower/install/clearpath_mounts_description/share/clearpath_mounts_description/environment/path.sh
[0.578s] -- Installing: /home/vupadhye/git_repo/husky_gps_follower/install/clearpath_mounts_description/share/clearpath_mounts_description/environment/path.dsv
[0.578s] -- Installing: /home/vupadhye/git_repo/husky_gps_follower/install/clearpath_mounts_description/share/clearpath_mounts_description/local_setup.bash
[0.578s] -- Installing: /home/vupadhye/git_repo/husky_gps_follower/install/clearpath_mounts_description/share/clearpath_mounts_description/local_setup.sh
[0.579s] -- Installing: /home/vupadhye/git_repo/husky_gps_follower/install/clearpath_mounts_description/share/clearpath_mounts_description/local_setup.zsh
[0.579s] -- Installing: /home/vupadhye/git_repo/husky_gps_follower/install/clearpath_mounts_description/share/clearpath_mounts_description/local_setup.dsv
[0.579s] -- Installing: /home/vupadhye/git_repo/husky_gps_follower/install/clearpath_mounts_description/share/clearpath_mounts_description/package.dsv
[0.579s] -- Installing: /home/vupadhye/git_repo/husky_gps_follower/install/clearpath_mounts_description/share/ament_index/resource_index/packages/clearpath_mounts_description
[0.579s] -- Installing: /home/vupadhye/git_repo/husky_gps_follower/install/clearpath_mounts_description/share/clearpath_mounts_description/cmake/clearpath_mounts_descriptionConfig.cmake
[0.579s] -- Installing: /home/vupadhye/git_repo/husky_gps_follower/install/clearpath_mounts_description/share/clearpath_mounts_description/cmake/clearpath_mounts_descriptionConfig-version.cmake
[0.579s] -- Installing: /home/vupadhye/git_repo/husky_gps_follower/install/clearpath_mounts_description/share/clearpath_mounts_description/package.xml
[0.582s] Invoked command in '/home/vupadhye/git_repo/husky_gps_follower/build/clearpath_mounts_description' returned '0': CMAKE_PREFIX_PATH=/opt/ros/humble /usr/bin/cmake --install /home/vupadhye/git_repo/husky_gps_follower/build/clearpath_mounts_description
