-- The C compiler identification is GNU 11.4.0
-- The CXX compiler identification is GNU 11.4.0
-- Detecting C compiler ABI info
-- Detecting C compiler ABI info - done
-- Check for working C compiler: /usr/bin/cc - skipped
-- Detecting C compile features
-- Detecting C compile features - done
-- Detecting CXX compiler ABI info
-- Detecting CXX compiler ABI info - done
-- Check for working CXX compiler: /usr/bin/c++ - skipped
-- Detecting CXX compile features
-- Detecting CXX compile features - done
-- Found ament_cmake: 1.3.10 (/opt/ros/humble/share/ament_cmake/cmake)
-- Found Python3: /usr/bin/python3 (found version "3.10.12") found components: Interpreter 
-- Found ament_lint_auto: 0.12.11 (/opt/ros/humble/share/ament_lint_auto/cmake)
-- Added test 'flake8' to check Python code syntax and style conventions
-- Added test 'lint_cmake' to check CMake code style
-- Added test 'pep257' to check Python code against some of the docstring style conventions in PEP 257
-- Added test 'xmllint' to check XML markup files
-- Configuring done
-- Generating done
-- Build files have been written to: /home/vupadhye/git_repo/husky_gps_follower/build/clearpath_generator_common
Built target ament_cmake_python_copy_clearpath_generator_common
running egg_info
creating clearpath_generator_common.egg-info
writing clearpath_generator_common.egg-info/PKG-INFO
writing dependency_links to clearpath_generator_common.egg-info/dependency_links.txt
writing top-level names to clearpath_generator_common.egg-info/top_level.txt
writing manifest file 'clearpath_generator_common.egg-info/SOURCES.txt'
reading manifest file 'clearpath_generator_common.egg-info/SOURCES.txt'
writing manifest file 'clearpath_generator_common.egg-info/SOURCES.txt'
Built target ament_cmake_python_build_clearpath_generator_common_egg
-- Install configuration: ""
-- Installing: /home/vupadhye/git_repo/husky_gps_follower/install/clearpath_generator_common/lib/clearpath_generator_common/generate_description
-- Installing: /home/vupadhye/git_repo/husky_gps_follower/install/clearpath_generator_common/lib/clearpath_generator_common/generate_discovery_server
-- Installing: /home/vupadhye/git_repo/husky_gps_follower/install/clearpath_generator_common/lib/clearpath_generator_common/generate_bash
-- Installing: /home/vupadhye/git_repo/husky_gps_follower/install/clearpath_generator_common/share/clearpath_generator_common/environment/pythonpath.sh
-- Installing: /home/vupadhye/git_repo/husky_gps_follower/install/clearpath_generator_common/share/clearpath_generator_common/environment/pythonpath.dsv
-- Installing: /home/vupadhye/git_repo/husky_gps_follower/install/clearpath_generator_common/local/lib/python3.10/dist-packages/clearpath_generator_common-0.2.9-py3.10.egg-info
-- Installing: /home/vupadhye/git_repo/husky_gps_follower/install/clearpath_generator_common/local/lib/python3.10/dist-packages/clearpath_generator_common-0.2.9-py3.10.egg-info/PKG-INFO
-- Installing: /home/vupadhye/git_repo/husky_gps_follower/install/clearpath_generator_common/local/lib/python3.10/dist-packages/clearpath_generator_common-0.2.9-py3.10.egg-info/top_level.txt
-- Installing: /home/vupadhye/git_repo/husky_gps_follower/install/clearpath_generator_common/local/lib/python3.10/dist-packages/clearpath_generator_common-0.2.9-py3.10.egg-info/SOURCES.txt
-- Installing: /home/vupadhye/git_repo/husky_gps_follower/install/clearpath_generator_common/local/lib/python3.10/dist-packages/clearpath_generator_common-0.2.9-py3.10.egg-info/dependency_links.txt
-- Installing: /home/vupadhye/git_repo/husky_gps_follower/install/clearpath_generator_common/local/lib/python3.10/dist-packages/clearpath_generator_common
-- Installing: /home/vupadhye/git_repo/husky_gps_follower/install/clearpath_generator_common/local/lib/python3.10/dist-packages/clearpath_generator_common/launch
-- Installing: /home/vupadhye/git_repo/husky_gps_follower/install/clearpath_generator_common/local/lib/python3.10/dist-packages/clearpath_generator_common/launch/writer.py
-- Installing: /home/vupadhye/git_repo/husky_gps_follower/install/clearpath_generator_common/local/lib/python3.10/dist-packages/clearpath_generator_common/launch/__init__.py
-- Installing: /home/vupadhye/git_repo/husky_gps_follower/install/clearpath_generator_common/local/lib/python3.10/dist-packages/clearpath_generator_common/launch/generator.py
-- Installing: /home/vupadhye/git_repo/husky_gps_follower/install/clearpath_generator_common/local/lib/python3.10/dist-packages/clearpath_generator_common/common.py
-- Installing: /home/vupadhye/git_repo/husky_gps_follower/install/clearpath_generator_common/local/lib/python3.10/dist-packages/clearpath_generator_common/bash
-- Installing: /home/vupadhye/git_repo/husky_gps_follower/install/clearpath_generator_common/local/lib/python3.10/dist-packages/clearpath_generator_common/bash/writer.py
-- Installing: /home/vupadhye/git_repo/husky_gps_follower/install/clearpath_generator_common/local/lib/python3.10/dist-packages/clearpath_generator_common/bash/__init__.py
-- Installing: /home/vupadhye/git_repo/husky_gps_follower/install/clearpath_generator_common/local/lib/python3.10/dist-packages/clearpath_generator_common/bash/generator.py
-- Installing: /home/vupadhye/git_repo/husky_gps_follower/install/clearpath_generator_common/local/lib/python3.10/dist-packages/clearpath_generator_common/bash/generate_bash
-- Installing: /home/vupadhye/git_repo/husky_gps_follower/install/clearpath_generator_common/local/lib/python3.10/dist-packages/clearpath_generator_common/__init__.py
-- Installing: /home/vupadhye/git_repo/husky_gps_follower/install/clearpath_generator_common/local/lib/python3.10/dist-packages/clearpath_generator_common/param
-- Installing: /home/vupadhye/git_repo/husky_gps_follower/install/clearpath_generator_common/local/lib/python3.10/dist-packages/clearpath_generator_common/param/writer.py
-- Installing: /home/vupadhye/git_repo/husky_gps_follower/install/clearpath_generator_common/local/lib/python3.10/dist-packages/clearpath_generator_common/param/__init__.py
-- Installing: /home/vupadhye/git_repo/husky_gps_follower/install/clearpath_generator_common/local/lib/python3.10/dist-packages/clearpath_generator_common/param/generator.py
-- Installing: /home/vupadhye/git_repo/husky_gps_follower/install/clearpath_generator_common/local/lib/python3.10/dist-packages/clearpath_generator_common/param/platform.py
-- Installing: /home/vupadhye/git_repo/husky_gps_follower/install/clearpath_generator_common/local/lib/python3.10/dist-packages/clearpath_generator_common/package
-- Installing: /home/vupadhye/git_repo/husky_gps_follower/install/clearpath_generator_common/local/lib/python3.10/dist-packages/clearpath_generator_common/package/writer.py
-- Installing: /home/vupadhye/git_repo/husky_gps_follower/install/clearpath_generator_common/local/lib/python3.10/dist-packages/clearpath_generator_common/package/__init__.py
-- Installing: /home/vupadhye/git_repo/husky_gps_follower/install/clearpath_generator_common/local/lib/python3.10/dist-packages/clearpath_generator_common/discovery_server
-- Installing: /home/vupadhye/git_repo/husky_gps_follower/install/clearpath_generator_common/local/lib/python3.10/dist-packages/clearpath_generator_common/discovery_server/generate_discovery_server
-- Installing: /home/vupadhye/git_repo/husky_gps_follower/install/clearpath_generator_common/local/lib/python3.10/dist-packages/clearpath_generator_common/discovery_server/generator.py
-- Installing: /home/vupadhye/git_repo/husky_gps_follower/install/clearpath_generator_common/local/lib/python3.10/dist-packages/clearpath_generator_common/description
-- Installing: /home/vupadhye/git_repo/husky_gps_follower/install/clearpath_generator_common/local/lib/python3.10/dist-packages/clearpath_generator_common/description/writer.py
-- Installing: /home/vupadhye/git_repo/husky_gps_follower/install/clearpath_generator_common/local/lib/python3.10/dist-packages/clearpath_generator_common/description/mounts.py
-- Installing: /home/vupadhye/git_repo/husky_gps_follower/install/clearpath_generator_common/local/lib/python3.10/dist-packages/clearpath_generator_common/description/attachments.py
-- Installing: /home/vupadhye/git_repo/husky_gps_follower/install/clearpath_generator_common/local/lib/python3.10/dist-packages/clearpath_generator_common/description/__init__.py
-- Installing: /home/vupadhye/git_repo/husky_gps_follower/install/clearpath_generator_common/local/lib/python3.10/dist-packages/clearpath_generator_common/description/generator.py
-- Installing: /home/vupadhye/git_repo/husky_gps_follower/install/clearpath_generator_common/local/lib/python3.10/dist-packages/clearpath_generator_common/description/sensors.py
-- Installing: /home/vupadhye/git_repo/husky_gps_follower/install/clearpath_generator_common/local/lib/python3.10/dist-packages/clearpath_generator_common/description/platform.py
-- Installing: /home/vupadhye/git_repo/husky_gps_follower/install/clearpath_generator_common/local/lib/python3.10/dist-packages/clearpath_generator_common/description/generate_description
-- Installing: /home/vupadhye/git_repo/husky_gps_follower/install/clearpath_generator_common/local/lib/python3.10/dist-packages/clearpath_generator_common/description/links.py
Listing '/home/vupadhye/git_repo/husky_gps_follower/install/clearpath_generator_common/local/lib/python3.10/dist-packages/clearpath_generator_common'...
Compiling '/home/vupadhye/git_repo/husky_gps_follower/install/clearpath_generator_common/local/lib/python3.10/dist-packages/clearpath_generator_common/__init__.py'...
Listing '/home/vupadhye/git_repo/husky_gps_follower/install/clearpath_generator_common/local/lib/python3.10/dist-packages/clearpath_generator_common/bash'...
Compiling '/home/vupadhye/git_repo/husky_gps_follower/install/clearpath_generator_common/local/lib/python3.10/dist-packages/clearpath_generator_common/bash/__init__.py'...
Compiling '/home/vupadhye/git_repo/husky_gps_follower/install/clearpath_generator_common/local/lib/python3.10/dist-packages/clearpath_generator_common/bash/generator.py'...
Compiling '/home/vupadhye/git_repo/husky_gps_follower/install/clearpath_generator_common/local/lib/python3.10/dist-packages/clearpath_generator_common/bash/writer.py'...
Compiling '/home/vupadhye/git_repo/husky_gps_follower/install/clearpath_generator_common/local/lib/python3.10/dist-packages/clearpath_generator_common/common.py'...
Listing '/home/vupadhye/git_repo/husky_gps_follower/install/clearpath_generator_common/local/lib/python3.10/dist-packages/clearpath_generator_common/description'...
Compiling '/home/vupadhye/git_repo/husky_gps_follower/install/clearpath_generator_common/local/lib/python3.10/dist-packages/clearpath_generator_common/description/__init__.py'...
Compiling '/home/vupadhye/git_repo/husky_gps_follower/install/clearpath_generator_common/local/lib/python3.10/dist-packages/clearpath_generator_common/description/attachments.py'...
Compiling '/home/vupadhye/git_repo/husky_gps_follower/install/clearpath_generator_common/local/lib/python3.10/dist-packages/clearpath_generator_common/description/generator.py'...
Compiling '/home/vupadhye/git_repo/husky_gps_follower/install/clearpath_generator_common/local/lib/python3.10/dist-packages/clearpath_generator_common/description/links.py'...
Compiling '/home/vupadhye/git_repo/husky_gps_follower/install/clearpath_generator_common/local/lib/python3.10/dist-packages/clearpath_generator_common/description/mounts.py'...
Compiling '/home/vupadhye/git_repo/husky_gps_follower/install/clearpath_generator_common/local/lib/python3.10/dist-packages/clearpath_generator_common/description/platform.py'...
Compiling '/home/vupadhye/git_repo/husky_gps_follower/install/clearpath_generator_common/local/lib/python3.10/dist-packages/clearpath_generator_common/description/sensors.py'...
Compiling '/home/vupadhye/git_repo/husky_gps_follower/install/clearpath_generator_common/local/lib/python3.10/dist-packages/clearpath_generator_common/description/writer.py'...
Listing '/home/vupadhye/git_repo/husky_gps_follower/install/clearpath_generator_common/local/lib/python3.10/dist-packages/clearpath_generator_common/discovery_server'...
Compiling '/home/vupadhye/git_repo/husky_gps_follower/install/clearpath_generator_common/local/lib/python3.10/dist-packages/clearpath_generator_common/discovery_server/generator.py'...
Listing '/home/vupadhye/git_repo/husky_gps_follower/install/clearpath_generator_common/local/lib/python3.10/dist-packages/clearpath_generator_common/launch'...
Compiling '/home/vupadhye/git_repo/husky_gps_follower/install/clearpath_generator_common/local/lib/python3.10/dist-packages/clearpath_generator_common/launch/__init__.py'...
Compiling '/home/vupadhye/git_repo/husky_gps_follower/install/clearpath_generator_common/local/lib/python3.10/dist-packages/clearpath_generator_common/launch/generator.py'...
Compiling '/home/vupadhye/git_repo/husky_gps_follower/install/clearpath_generator_common/local/lib/python3.10/dist-packages/clearpath_generator_common/launch/writer.py'...
Listing '/home/vupadhye/git_repo/husky_gps_follower/install/clearpath_generator_common/local/lib/python3.10/dist-packages/clearpath_generator_common/package'...
Compiling '/home/vupadhye/git_repo/husky_gps_follower/install/clearpath_generator_common/local/lib/python3.10/dist-packages/clearpath_generator_common/package/__init__.py'...
Compiling '/home/vupadhye/git_repo/husky_gps_follower/install/clearpath_generator_common/local/lib/python3.10/dist-packages/clearpath_generator_common/package/writer.py'...
Listing '/home/vupadhye/git_repo/husky_gps_follower/install/clearpath_generator_common/local/lib/python3.10/dist-packages/clearpath_generator_common/param'...
Compiling '/home/vupadhye/git_repo/husky_gps_follower/install/clearpath_generator_common/local/lib/python3.10/dist-packages/clearpath_generator_common/param/__init__.py'...
Compiling '/home/vupadhye/git_repo/husky_gps_follower/install/clearpath_generator_common/local/lib/python3.10/dist-packages/clearpath_generator_common/param/generator.py'...
Compiling '/home/vupadhye/git_repo/husky_gps_follower/install/clearpath_generator_common/local/lib/python3.10/dist-packages/clearpath_generator_common/param/platform.py'...
Compiling '/home/vupadhye/git_repo/husky_gps_follower/install/clearpath_generator_common/local/lib/python3.10/dist-packages/clearpath_generator_common/param/writer.py'...
-- Installing: /home/vupadhye/git_repo/husky_gps_follower/install/clearpath_generator_common/share/ament_index/resource_index/package_run_dependencies/clearpath_generator_common
-- Installing: /home/vupadhye/git_repo/husky_gps_follower/install/clearpath_generator_common/share/ament_index/resource_index/parent_prefix_path/clearpath_generator_common
-- Installing: /home/vupadhye/git_repo/husky_gps_follower/install/clearpath_generator_common/share/clearpath_generator_common/environment/ament_prefix_path.sh
-- Installing: /home/vupadhye/git_repo/husky_gps_follower/install/clearpath_generator_common/share/clearpath_generator_common/environment/ament_prefix_path.dsv
-- Installing: /home/vupadhye/git_repo/husky_gps_follower/install/clearpath_generator_common/share/clearpath_generator_common/environment/path.sh
-- Installing: /home/vupadhye/git_repo/husky_gps_follower/install/clearpath_generator_common/share/clearpath_generator_common/environment/path.dsv
-- Installing: /home/vupadhye/git_repo/husky_gps_follower/install/clearpath_generator_common/share/clearpath_generator_common/local_setup.bash
-- Installing: /home/vupadhye/git_repo/husky_gps_follower/install/clearpath_generator_common/share/clearpath_generator_common/local_setup.sh
-- Installing: /home/vupadhye/git_repo/husky_gps_follower/install/clearpath_generator_common/share/clearpath_generator_common/local_setup.zsh
-- Installing: /home/vupadhye/git_repo/husky_gps_follower/install/clearpath_generator_common/share/clearpath_generator_common/local_setup.dsv
-- Installing: /home/vupadhye/git_repo/husky_gps_follower/install/clearpath_generator_common/share/clearpath_generator_common/package.dsv
-- Installing: /home/vupadhye/git_repo/husky_gps_follower/install/clearpath_generator_common/share/ament_index/resource_index/packages/clearpath_generator_common
-- Installing: /home/vupadhye/git_repo/husky_gps_follower/install/clearpath_generator_common/share/clearpath_generator_common/cmake/clearpath_generator_commonConfig.cmake
-- Installing: /home/vupadhye/git_repo/husky_gps_follower/install/clearpath_generator_common/share/clearpath_generator_common/cmake/clearpath_generator_commonConfig-version.cmake
-- Installing: /home/vupadhye/git_repo/husky_gps_follower/install/clearpath_generator_common/share/clearpath_generator_common/package.xml
