[0.011s] Invoking command in '/home/vupadhye/git_repo/husky_gps_follower/build/clearpath_description': AMENT_PREFIX_PATH=/home/vupadhye/git_repo/husky_gps_follower/install/clearpath_mounts_description:${AMENT_PREFIX_PATH} CMAKE_PREFIX_PATH=/home/vupadhye/git_repo/husky_gps_follower/install/clearpath_mounts_description:/opt/ros/humble /usr/bin/cmake /home/vupadhye/git_repo/husky_gps_follower/src/clearpath_common/clearpath_description -DCMAKE_INSTALL_PREFIX=/home/vupadhye/git_repo/husky_gps_follower/install/clearpath_description
[0.141s] -- The C compiler identification is GNU 11.4.0
[0.254s] -- The CXX compiler identification is GNU 11.4.0
[0.267s] -- Detecting C compiler ABI info
[0.375s] -- Detecting C compiler ABI info - done
[0.387s] -- Check for working C compiler: /usr/bin/cc - skipped
[0.389s] -- Detecting C compile features
[0.390s] -- Detecting C compile features - done
[0.395s] -- Detecting CXX compiler ABI info
[0.521s] -- Detecting CXX compiler ABI info - done
[0.534s] -- Check for working CXX compiler: /usr/bin/c++ - skipped
[0.535s] -- Detecting CXX compile features
[0.536s] -- Detecting CXX compile features - done
[0.540s] -- Found ament_cmake: 1.3.10 (/opt/ros/humble/share/ament_cmake/cmake)
[0.801s] -- Found Python3: /usr/bin/python3 (found version "3.10.12") found components: Interpreter 
[1.058s] -- Configuring done
[1.061s] -- Generating done
[1.062s] -- Build files have been written to: /home/vupadhye/git_repo/husky_gps_follower/build/clearpath_description
[1.068s] Invoked command in '/home/vupadhye/git_repo/husky_gps_follower/build/clearpath_description' returned '0': AMENT_PREFIX_PATH=/home/vupadhye/git_repo/husky_gps_follower/install/clearpath_mounts_description:${AMENT_PREFIX_PATH} CMAKE_PREFIX_PATH=/home/vupadhye/git_repo/husky_gps_follower/install/clearpath_mounts_description:/opt/ros/humble /usr/bin/cmake /home/vupadhye/git_repo/husky_gps_follower/src/clearpath_common/clearpath_description -DCMAKE_INSTALL_PREFIX=/home/vupadhye/git_repo/husky_gps_follower/install/clearpath_description
[1.071s] Invoking command in '/home/vupadhye/git_repo/husky_gps_follower/build/clearpath_description': AMENT_PREFIX_PATH=/home/vupadhye/git_repo/husky_gps_follower/install/clearpath_mounts_description:${AMENT_PREFIX_PATH} CMAKE_PREFIX_PATH=/home/vupadhye/git_repo/husky_gps_follower/install/clearpath_mounts_description:/opt/ros/humble /usr/bin/cmake --build /home/vupadhye/git_repo/husky_gps_follower/build/clearpath_description -- -j20 -l20
[1.129s] Invoked command in '/home/vupadhye/git_repo/husky_gps_follower/build/clearpath_description' returned '0': AMENT_PREFIX_PATH=/home/vupadhye/git_repo/husky_gps_follower/install/clearpath_mounts_description:${AMENT_PREFIX_PATH} CMAKE_PREFIX_PATH=/home/vupadhye/git_repo/husky_gps_follower/install/clearpath_mounts_description:/opt/ros/humble /usr/bin/cmake --build /home/vupadhye/git_repo/husky_gps_follower/build/clearpath_description -- -j20 -l20
[1.162s] Invoking command in '/home/vupadhye/git_repo/husky_gps_follower/build/clearpath_description': AMENT_PREFIX_PATH=/home/vupadhye/git_repo/husky_gps_follower/install/clearpath_mounts_description:${AMENT_PREFIX_PATH} CMAKE_PREFIX_PATH=/home/vupadhye/git_repo/husky_gps_follower/install/clearpath_mounts_description:/opt/ros/humble /usr/bin/cmake --install /home/vupadhye/git_repo/husky_gps_follower/build/clearpath_description
[1.173s] -- Install configuration: ""
[1.173s] -- Installing: /home/vupadhye/git_repo/husky_gps_follower/install/clearpath_description/share/ament_index/resource_index/package_run_dependencies/clearpath_description
[1.174s] -- Installing: /home/vupadhye/git_repo/husky_gps_follower/install/clearpath_description/share/ament_index/resource_index/parent_prefix_path/clearpath_description
[1.174s] -- Installing: /home/vupadhye/git_repo/husky_gps_follower/install/clearpath_description/share/clearpath_description/environment/ament_prefix_path.sh
[1.174s] -- Installing: /home/vupadhye/git_repo/husky_gps_follower/install/clearpath_description/share/clearpath_description/environment/ament_prefix_path.dsv
[1.174s] -- Installing: /home/vupadhye/git_repo/husky_gps_follower/install/clearpath_description/share/clearpath_description/environment/path.sh
[1.174s] -- Installing: /home/vupadhye/git_repo/husky_gps_follower/install/clearpath_description/share/clearpath_description/environment/path.dsv
[1.174s] -- Installing: /home/vupadhye/git_repo/husky_gps_follower/install/clearpath_description/share/clearpath_description/local_setup.bash
[1.175s] -- Installing: /home/vupadhye/git_repo/husky_gps_follower/install/clearpath_description/share/clearpath_description/local_setup.sh
[1.175s] -- Installing: /home/vupadhye/git_repo/husky_gps_follower/install/clearpath_description/share/clearpath_description/local_setup.zsh
[1.175s] -- Installing: /home/vupadhye/git_repo/husky_gps_follower/install/clearpath_description/share/clearpath_description/local_setup.dsv
[1.175s] -- Installing: /home/vupadhye/git_repo/husky_gps_follower/install/clearpath_description/share/clearpath_description/package.dsv
[1.175s] -- Installing: /home/vupadhye/git_repo/husky_gps_follower/install/clearpath_description/share/ament_index/resource_index/packages/clearpath_description
[1.175s] -- Installing: /home/vupadhye/git_repo/husky_gps_follower/install/clearpath_description/share/clearpath_description/cmake/clearpath_descriptionConfig.cmake
[1.175s] -- Installing: /home/vupadhye/git_repo/husky_gps_follower/install/clearpath_description/share/clearpath_description/cmake/clearpath_descriptionConfig-version.cmake
[1.175s] -- Installing: /home/vupadhye/git_repo/husky_gps_follower/install/clearpath_description/share/clearpath_description/package.xml
[1.178s] Invoked command in '/home/vupadhye/git_repo/husky_gps_follower/build/clearpath_description' returned '0': AMENT_PREFIX_PATH=/home/vupadhye/git_repo/husky_gps_follower/install/clearpath_mounts_description:${AMENT_PREFIX_PATH} CMAKE_PREFIX_PATH=/home/vupadhye/git_repo/husky_gps_follower/install/clearpath_mounts_description:/opt/ros/humble /usr/bin/cmake --install /home/vupadhye/git_repo/husky_gps_follower/build/clearpath_description
