[0.239s] Invoking command in '/home/vupadhye/git_repo/husky_gps_follower/build/duro_gps_driver': /usr/bin/cmake /home/vupadhye/git_repo/husky_gps_follower/src/duro_gps_driver -DCMAKE_INSTALL_PREFIX=/home/vupadhye/git_repo/husky_gps_follower/install/duro_gps_driver
[0.405s] [33mCMake Warning (dev) in CMakeLists.txt:
[0.406s]   No project() command is present.  The top-level CMakeLists.txt file must
[0.406s]   contain a literal, direct call to the project() command.  Add a line of
[0.406s]   code such as
[0.407s] 
[0.407s]     project(ProjectName)
[0.408s] 
[0.408s]   near the top of the file, but after cmake_minimum_required().
[0.408s] 
[0.409s]   CMake is pretending there is a "project(Project)" command on the first
[0.409s]   line.
[0.409s] This warning is for project developers.  Use -Wno-dev to suppress it.
[0.410s] [0m
[0.610s] -- The C compiler identification is GNU 11.4.0
[1.058s] -- The CXX compiler identification is GNU 11.4.0
[1.125s] -- Detecting C compiler ABI info
[1.627s] -- Detecting C compiler ABI info - done
[1.716s] -- Check for working C compiler: /usr/bin/cc - skipped
[1.721s] -- Detecting C compile features
[1.722s] -- Detecting C compile features - done
[1.751s] -- Detecting CXX compiler ABI info
[2.364s] -- Detecting CXX compiler ABI info - done
[2.446s] -- Check for working CXX compiler: /usr/bin/c++ - skipped
[2.448s] -- Detecting CXX compile features
[2.453s] -- Detecting CXX compile features - done
[2.459s] -- Configuring done
[2.482s] -- Generating done
[2.543s] -- Build files have been written to: /home/vupadhye/git_repo/husky_gps_follower/build/duro_gps_driver
[2.705s] Invoked command in '/home/vupadhye/git_repo/husky_gps_follower/build/duro_gps_driver' returned '0': /usr/bin/cmake /home/vupadhye/git_repo/husky_gps_follower/src/duro_gps_driver -DCMAKE_INSTALL_PREFIX=/home/vupadhye/git_repo/husky_gps_follower/install/duro_gps_driver
[2.707s] Invoking command in '/home/vupadhye/git_repo/husky_gps_follower/build/duro_gps_driver': /usr/bin/cmake --build /home/vupadhye/git_repo/husky_gps_follower/build/duro_gps_driver -- -j20 -l20
