-- Install configuration: ""
-- Installing: /home/vupadhye/git_repo/husky_gps_follower/install/clearpath_customization/lib/clearpath_customization/generate_bringup
-- Installing: /home/vupadhye/git_repo/husky_gps_follower/install/clearpath_customization/lib/clearpath_customization/generate_description
-- Installing: /home/vupadhye/git_repo/husky_gps_follower/install/clearpath_customization/share/clearpath_customization/project_bringup
-- Installing: /home/vupadhye/git_repo/husky_gps_follower/install/clearpath_customization/share/clearpath_customization/project_bringup/launch
-- Installing: /home/vupadhye/git_repo/husky_gps_follower/install/clearpath_customization/share/clearpath_customization/project_bringup/launch/project_bringup.launch.py
-- Installing: /home/vupadhye/git_repo/husky_gps_follower/install/clearpath_customization/share/clearpath_customization/project_bringup/launch/device.launch.py
-- Installing: /home/vupadhye/git_repo/husky_gps_follower/install/clearpath_customization/share/clearpath_customization/project_bringup/package.xml
-- Installing: /home/vupadhye/git_repo/husky_gps_follower/install/clearpath_customization/share/clearpath_customization/project_bringup/config
-- Installing: /home/vupadhye/git_repo/husky_gps_follower/install/clearpath_customization/share/clearpath_customization/project_bringup/config/device.yaml
-- Installing: /home/vupadhye/git_repo/husky_gps_follower/install/clearpath_customization/share/clearpath_customization/project_bringup/LICENSE
-- Installing: /home/vupadhye/git_repo/husky_gps_follower/install/clearpath_customization/share/clearpath_customization/project_bringup/CMakeLists.txt
-- Installing: /home/vupadhye/git_repo/husky_gps_follower/install/clearpath_customization/share/clearpath_customization/project_description
-- Installing: /home/vupadhye/git_repo/husky_gps_follower/install/clearpath_customization/share/clearpath_customization/project_description/package.xml
-- Installing: /home/vupadhye/git_repo/husky_gps_follower/install/clearpath_customization/share/clearpath_customization/project_description/LICENSE
-- Installing: /home/vupadhye/git_repo/husky_gps_follower/install/clearpath_customization/share/clearpath_customization/project_description/CMakeLists.txt
-- Installing: /home/vupadhye/git_repo/husky_gps_follower/install/clearpath_customization/share/clearpath_customization/project_description/urdf
-- Installing: /home/vupadhye/git_repo/husky_gps_follower/install/clearpath_customization/share/clearpath_customization/project_description/urdf/project_description.urdf.xacro
-- Installing: /home/vupadhye/git_repo/husky_gps_follower/install/clearpath_customization/share/clearpath_customization/project_description/urdf/donut.urdf.xacro
-- Installing: /home/vupadhye/git_repo/husky_gps_follower/install/clearpath_customization/share/clearpath_customization/project_description/meshes
-- Installing: /home/vupadhye/git_repo/husky_gps_follower/install/clearpath_customization/share/clearpath_customization/project_description/meshes/donut.stl
-- Installing: /home/vupadhye/git_repo/husky_gps_follower/install/clearpath_customization/share/ament_index/resource_index/package_run_dependencies/clearpath_customization
-- Installing: /home/vupadhye/git_repo/husky_gps_follower/install/clearpath_customization/share/ament_index/resource_index/parent_prefix_path/clearpath_customization
-- Installing: /home/vupadhye/git_repo/husky_gps_follower/install/clearpath_customization/share/clearpath_customization/environment/ament_prefix_path.sh
-- Installing: /home/vupadhye/git_repo/husky_gps_follower/install/clearpath_customization/share/clearpath_customization/environment/ament_prefix_path.dsv
-- Installing: /home/vupadhye/git_repo/husky_gps_follower/install/clearpath_customization/share/clearpath_customization/environment/path.sh
-- Installing: /home/vupadhye/git_repo/husky_gps_follower/install/clearpath_customization/share/clearpath_customization/environment/path.dsv
-- Installing: /home/vupadhye/git_repo/husky_gps_follower/install/clearpath_customization/share/clearpath_customization/local_setup.bash
-- Installing: /home/vupadhye/git_repo/husky_gps_follower/install/clearpath_customization/share/clearpath_customization/local_setup.sh
-- Installing: /home/vupadhye/git_repo/husky_gps_follower/install/clearpath_customization/share/clearpath_customization/local_setup.zsh
-- Installing: /home/vupadhye/git_repo/husky_gps_follower/install/clearpath_customization/share/clearpath_customization/local_setup.dsv
-- Installing: /home/vupadhye/git_repo/husky_gps_follower/install/clearpath_customization/share/clearpath_customization/package.dsv
-- Installing: /home/vupadhye/git_repo/husky_gps_follower/install/clearpath_customization/share/ament_index/resource_index/packages/clearpath_customization
-- Installing: /home/vupadhye/git_repo/husky_gps_follower/install/clearpath_customization/share/clearpath_customization/cmake/clearpath_customizationConfig.cmake
-- Installing: /home/vupadhye/git_repo/husky_gps_follower/install/clearpath_customization/share/clearpath_customization/cmake/clearpath_customizationConfig-version.cmake
-- Installing: /home/vupadhye/git_repo/husky_gps_follower/install/clearpath_customization/share/clearpath_customization/package.xml
