[0.218s] Invoking command in '/home/vupadhye/git_repo/husky_gps_follower/build/clearpath_platform_msgs': /usr/bin/cmake /home/vupadhye/git_repo/husky_gps_follower/src/clearpath_msgs/clearpath_platform_msgs -DCMAKE_INSTALL_PREFIX=/home/vupadhye/git_repo/husky_gps_follower/install/clearpath_platform_msgs
[0.412s] [33mCMake Warning (dev) in CMakeLists.txt:
[0.412s]   No project() command is present.  The top-level CMakeLists.txt file must
[0.412s]   contain a literal, direct call to the project() command.  Add a line of
[0.412s]   code such as
[0.413s] 
[0.413s]     project(ProjectName)
[0.413s] 
[0.414s]   near the top of the file, but after cmake_minimum_required().
[0.414s] 
[0.416s]   CMake is pretending there is a "project(Project)" command on the first
[0.416s]   line.
[0.417s] This warning is for project developers.  Use -Wno-dev to suppress it.
[0.417s] [0m
[0.616s] -- The C compiler identification is GNU 11.4.0
[1.138s] -- The CXX compiler identification is GNU 11.4.0
[1.202s] -- Detecting C compiler ABI info
[1.700s] -- Detecting C compiler ABI info - done
[1.777s] -- Check for working C compiler: /usr/bin/cc - skipped
[1.779s] -- Detecting C compile features
[1.785s] -- Detecting C compile features - done
[1.813s] -- Detecting CXX compiler ABI info
[2.411s] -- Detecting CXX compiler ABI info - done
[2.583s] -- Check for working CXX compiler: /usr/bin/c++ - skipped
[2.614s] -- Detecting CXX compile features
[2.615s] -- Detecting CXX compile features - done
[2.649s] -- Configuring done
[2.655s] -- Generating done
[2.684s] -- Build files have been written to: /home/vupadhye/git_repo/husky_gps_follower/build/clearpath_platform_msgs
