[0.174s] Invoking command in '/home/vupadhye/git_repo/husky_gps_follower/build/clearpath_mounts_description': /usr/bin/cmake /home/vupadhye/git_repo/husky_gps_follower/src/clearpath_common/clearpath_mounts_description -DCMAKE_INSTALL_PREFIX=/home/vupadhye/git_repo/husky_gps_follower/install/clearpath_mounts_description
[0.718s] -- The C compiler identification is GNU 11.4.0
[1.155s] -- The CXX compiler identification is GNU 11.4.0
[1.225s] -- Detecting C compiler ABI info
[1.676s] -- Detecting C compiler ABI info - done
[1.752s] -- Check for working C compiler: /usr/bin/cc - skipped
[1.764s] -- Detecting C compile features
[1.767s] -- Detecting C compile features - done
[1.798s] -- Detecting CXX compiler ABI info
[2.416s] -- Detecting CXX compiler ABI info - done
[2.501s] -- Check for working CXX compiler: /usr/bin/c++ - skipped
[2.503s] -- Detecting CXX compile features
[2.507s] -- Detecting CXX compile features - done
[2.715s] [31mCMake Error at CMakeLists.txt:5 (find_package):
[2.717s]   By not providing "Findament_cmake.cmake" in CMAKE_MODULE_PATH this project
[2.719s]   has asked CMake to find a package configuration file provided by
[2.722s]   "ament_cmake", but CMake did not find one.
[2.723s] 
[2.725s]   Could not find a package configuration file provided by "ament_cmake" with
[2.726s]   any of the following names:
[2.727s] 
[2.727s]     ament_cmakeConfig.cmake
[2.727s]     ament_cmake-config.cmake
[2.728s] 
[2.728s]   Add the installation prefix of "ament_cmake" to CMAKE_PREFIX_PATH or set
[2.728s]   "ament_cmake_DIR" to a directory containing one of the above files.  If
[2.728s]   "ament_cmake" provides a separate development package or SDK, be sure it
[2.729s]   has been installed.
[2.729s] 
[2.729s] [0m
[2.730s] -- Configuring incomplete, errors occurred!
[2.730s] See also "/home/vupadhye/git_repo/husky_gps_follower/build/clearpath_mounts_description/CMakeFiles/CMakeOutput.log".
[2.835s] Invoked command in '/home/vupadhye/git_repo/husky_gps_follower/build/clearpath_mounts_description' returned '1': /usr/bin/cmake /home/vupadhye/git_repo/husky_gps_follower/src/clearpath_common/clearpath_mounts_description -DCMAKE_INSTALL_PREFIX=/home/vupadhye/git_repo/husky_gps_follower/install/clearpath_mounts_description
