[0.201s] Invoking command in '/home/vupadhye/git_repo/husky_gps_follower/build/clearpath_control': /usr/bin/cmake /home/vupadhye/git_repo/husky_gps_follower/src/clearpath_common/clearpath_control -DCMAKE_INSTALL_PREFIX=/home/vupadhye/git_repo/husky_gps_follower/install/clearpath_control
[0.676s] -- The C compiler identification is GNU 11.4.0
[1.111s] -- The CXX compiler identification is GNU 11.4.0
[1.175s] -- Detecting C compiler ABI info
[1.664s] -- Detecting C compiler ABI info - done
[1.756s] -- Check for working C compiler: /usr/bin/cc - skipped
[1.758s] -- Detecting C compile features
[1.763s] -- Detecting C compile features - done
[1.785s] -- Detecting CXX compiler ABI info
[2.369s] -- Detecting CXX compiler ABI info - done
[2.458s] -- Check for working CXX compiler: /usr/bin/c++ - skipped
[2.460s] -- Detecting CXX compile features
[2.464s] -- Detecting CXX compile features - done
[2.701s] [31mCMake Error at CMakeLists.txt:5 (find_package):
[2.702s]   By not providing "Findament_cmake.cmake" in CMAKE_MODULE_PATH this project
[2.703s]   has asked CMake to find a package configuration file provided by
[2.705s]   "ament_cmake", but CMake did not find one.
[2.706s] 
[2.707s]   Could not find a package configuration file provided by "ament_cmake" with
[2.710s]   any of the following names:
[2.714s] 
[2.714s]     ament_cmakeConfig.cmake
[2.719s]     ament_cmake-config.cmake
[2.720s] 
[2.721s]   Add the installation prefix of "ament_cmake" to CMAKE_PREFIX_PATH or set
[2.722s]   "ament_cmake_DIR" to a directory containing one of the above files.  If
[2.724s]   "ament_cmake" provides a separate development package or SDK, be sure it
[2.725s]   has been installed.
[2.725s] 
[2.725s] [0m
[2.726s] -- Configuring incomplete, errors occurred!
[2.726s] See also "/home/vupadhye/git_repo/husky_gps_follower/build/clearpath_control/CMakeFiles/CMakeOutput.log".
